\BOOKMARK [1][-]{section.1}{\376\377\000I\000n\000t\000r\000o\000d\000u\000z\000i\000o\000n\000e\000:\000\040\000I\000l\000\040\000P\000e\000r\000c\000o\000r\000s\000o\000\040\000C\000o\000n\000c\000e\000t\000t\000u\000a\000l\000e}{}% 1
\BOOKMARK [2][-]{subsection.1.1}{\376\377\000P\000e\000r\000c\000h\000\351\000\040\000Q\000u\000e\000s\000t\000o\000\040\000P\000e\000r\000c\000o\000r\000s\000o\000?}{section.1}% 2
\BOOKMARK [2][-]{subsection.1.2}{\376\377\000L\000e\000\040\000Q\000u\000a\000t\000t\000r\000o\000\040\000T\000a\000p\000p\000e\000\040\000d\000e\000l\000\040\000V\000i\000a\000g\000g\000i\000o}{section.1}% 3
\BOOKMARK [2][-]{subsection.1.3}{\376\377\000C\000o\000s\000a\000\040\000R\000e\000n\000d\000e\000\040\000U\000n\000i\000c\000o\000\040\000Q\000u\000e\000s\000t\000o\000\040\000A\000p\000p\000r\000o\000c\000c\000i\000o}{section.1}% 4
\BOOKMARK [1][-]{section.2}{\376\377\000T\000a\000p\000p\000a\000\040\0001\000:\000\040\000I\000\040\000B\000a\000t\000t\000i\000m\000e\000n\000t\000i}{}% 5
\BOOKMARK [2][-]{subsection.2.1}{\376\377\000D\000i\000m\000o\000s\000t\000r\000a\000z\000i\000o\000n\000e\000\040\000d\000a\000l\000\040\000V\000i\000v\000o\000\040\000c\000o\000n\000\040\000i\000\040\000D\000i\000a\000p\000a\000s\000o\000n}{section.2}% 6
\BOOKMARK [2][-]{subsection.2.2}{\376\377\000I\000l\000\040\000F\000e\000n\000o\000m\000e\000n\000o\000\040\000n\000e\000l\000l\000a\000\040\000V\000i\000t\000a\000\040\000Q\000u\000o\000t\000i\000d\000i\000a\000n\000a}{section.2}% 7
\BOOKMARK [2][-]{subsection.2.3}{\376\377\000L\000a\000\040\000F\000i\000s\000i\000c\000a\000\040\000d\000e\000i\000\040\000B\000a\000t\000t\000i\000m\000e\000n\000t\000i}{section.2}% 8
\BOOKMARK [2][-]{subsection.2.4}{\376\377\000D\000e\000r\000i\000v\000a\000z\000i\000o\000n\000e\000\040\000M\000a\000t\000e\000m\000a\000t\000i\000c\000a\000\040\000C\000o\000m\000p\000l\000e\000t\000a}{section.2}% 9
\BOOKMARK [2][-]{subsection.2.5}{\376\377\000I\000n\000t\000e\000r\000p\000r\000e\000t\000a\000z\000i\000o\000n\000e\000\040\000d\000e\000l\000l\000a\000\040\000F\000o\000r\000m\000u\000l\000a}{section.2}% 10
\BOOKMARK [2][-]{subsection.2.6}{\376\377\000E\000s\000e\000m\000p\000i\000\040\000N\000u\000m\000e\000r\000i\000c\000i\000\040\000D\000e\000t\000t\000a\000g\000l\000i\000a\000t\000i}{section.2}% 11
\BOOKMARK [2][-]{subsection.2.7}{\376\377\000C\000a\000s\000o\000\040\000c\000o\000n\000\040\000A\000m\000p\000i\000e\000z\000z\000e\000\040\000D\000i\000v\000e\000r\000s\000e}{section.2}% 12
\BOOKMARK [2][-]{subsection.2.8}{\376\377\000G\000r\000a\000n\000d\000e\000z\000z\000e\000\040\000F\000i\000s\000i\000c\000h\000e\000\040\000C\000o\000r\000r\000e\000l\000a\000t\000e}{section.2}% 13
\BOOKMARK [2][-]{subsection.2.9}{\376\377\000L\000'\000I\000d\000e\000a\000\040\000C\000h\000i\000a\000v\000e\000:\000\040\000D\000a\000l\000l\000a\000\040\000S\000o\000m\000m\000a\000\040\000N\000a\000s\000c\000e\000\040\000S\000t\000r\000u\000t\000t\000u\000r\000a}{section.2}% 14
\BOOKMARK [1][-]{section.3}{\376\377\000T\000a\000p\000p\000a\000\040\0002\000:\000\040\000I\000\040\000P\000a\000c\000c\000h\000e\000t\000t\000i\000\040\000d\000'\000O\000n\000d\000a}{}% 15
\BOOKMARK [2][-]{subsection.3.1}{\376\377\000L\000'\000E\000s\000t\000e\000n\000s\000i\000o\000n\000e\000\040\000N\000a\000t\000u\000r\000a\000l\000e\000:\000\040\000D\000a\000\040\0002\000\040\000a\000\040\000N\000\040\000O\000n\000d\000e}{section.3}% 16
\BOOKMARK [2][-]{subsection.3.2}{\376\377\000C\000o\000s\000t\000r\000u\000z\000i\000o\000n\000e\000\040\000M\000a\000t\000e\000m\000a\000t\000i\000c\000a}{section.3}% 17
\BOOKMARK [2][-]{subsection.3.3}{\376\377\000L\000i\000m\000i\000t\000e\000\040\000C\000o\000n\000t\000i\000n\000u\000o\000:\000\040\000L\000a\000\040\000F\000u\000n\000z\000i\000o\000n\000e\000\040\000S\000i\000n\000c}{section.3}% 18
\BOOKMARK [2][-]{subsection.3.4}{\376\377\000P\000r\000o\000p\000r\000i\000e\000t\000\340\000\040\000d\000e\000l\000l\000a\000\040\000F\000u\000n\000z\000i\000o\000n\000e\000\040\000S\000i\000n\000c}{section.3}% 19
\BOOKMARK [2][-]{subsection.3.5}{\376\377\000V\000i\000s\000u\000a\000l\000i\000z\000z\000a\000z\000i\000o\000n\000e\000:\000\040\000P\000e\000r\000c\000h\000\351\000\040\000i\000l\000\040\000P\000a\000c\000c\000h\000e\000t\000t\000o\000\040\000\350\000\040\000L\000o\000c\000a\000l\000i\000z\000z\000a\000t\000o\000?}{section.3}% 20
\BOOKMARK [2][-]{subsection.3.6}{\376\377\000A\000n\000a\000l\000o\000g\000i\000a\000\040\000c\000o\000n\000\040\000l\000'\000O\000t\000t\000i\000c\000a\000:\000\040\000D\000i\000f\000f\000r\000a\000z\000i\000o\000n\000e\000\040\000d\000a\000\040\000F\000e\000n\000d\000i\000t\000u\000r\000a}{section.3}% 21
\BOOKMARK [2][-]{subsection.3.7}{\376\377\000V\000e\000l\000o\000c\000i\000t\000\340\000\040\000d\000i\000\040\000G\000r\000u\000p\000p\000o\000\040\000e\000\040\000V\000e\000l\000o\000c\000i\000t\000\340\000\040\000d\000i\000\040\000F\000a\000s\000e}{section.3}% 22
\BOOKMARK [1][-]{section.4}{\376\377\000T\000a\000p\000p\000a\000\040\0003\000:\000\040\000L\000a\000\040\000R\000e\000l\000a\000z\000i\000o\000n\000e\000\040\000F\000o\000n\000d\000a\000m\000e\000n\000t\000a\000l\000e}{}% 23
\BOOKMARK [2][-]{subsection.4.1}{\376\377\000L\000'\000O\000s\000s\000e\000r\000v\000a\000z\000i\000o\000n\000e\000\040\000C\000r\000u\000c\000i\000a\000l\000e}{section.4}% 24
\BOOKMARK [2][-]{subsection.4.2}{\376\377\000D\000e\000r\000i\000v\000a\000z\000i\000o\000n\000e\000\040\000p\000e\000r\000\040\000i\000l\000\040\000P\000a\000c\000c\000h\000e\000t\000t\000o\000\040\000S\000i\000n\000c}{section.4}% 25
\BOOKMARK [2][-]{subsection.4.3}{\376\377\000T\000r\000a\000d\000u\000z\000i\000o\000n\000e\000\040\000n\000e\000l\000l\000o\000\040\000S\000p\000a\000z\000i\000o}{section.4}% 26
\BOOKMARK [2][-]{subsection.4.4}{\376\377\000T\000a\000b\000e\000l\000l\000a\000\040\000d\000i\000\040\000V\000e\000r\000i\000f\000i\000c\000a}{section.4}% 27
\BOOKMARK [2][-]{subsection.4.5}{\376\377\000I\000l\000\040\000L\000i\000m\000i\000t\000e\000\040\000M\000i\000n\000i\000m\000o\000:\000\040\000D\000i\000v\000e\000r\000s\000i\000\040\000T\000i\000p\000i\000\040\000d\000i\000\040\000P\000a\000c\000c\000h\000e\000t\000t\000i}{section.4}% 28
\BOOKMARK [2][-]{subsection.4.6}{\376\377\000P\000e\000r\000c\000h\000\351\000\040\000Q\000u\000e\000s\000t\000a\000\040\000R\000e\000l\000a\000z\000i\000o\000n\000e\000\040\000\310\000\040\000I\000n\000e\000v\000i\000t\000a\000b\000i\000l\000e}{section.4}% 29
\BOOKMARK [1][-]{section.5}{\376\377\000T\000a\000p\000p\000a\000\040\0004\000:\000\040\000I\000l\000\040\000P\000r\000i\000n\000c\000i\000p\000i\000o\000\040\000d\000i\000\040\000I\000n\000d\000e\000t\000e\000r\000m\000i\000n\000a\000z\000i\000o\000n\000e}{}% 30
\BOOKMARK [2][-]{subsection.5.1}{\376\377\000I\000l\000\040\000S\000a\000l\000t\000o\000\040\000C\000o\000n\000c\000e\000t\000t\000u\000a\000l\000e\000:\000\040\000D\000a\000l\000l\000e\000\040\000O\000n\000d\000e\000\040\000a\000l\000l\000a\000\040\000M\000a\000t\000e\000r\000i\000a}{section.5}% 31
\BOOKMARK [2][-]{subsection.5.2}{\376\377\000L\000a\000\040\000F\000u\000n\000z\000i\000o\000n\000e\000\040\000d\000'\000O\000n\000d\000a}{section.5}% 32
\BOOKMARK [2][-]{subsection.5.3}{\376\377\000D\000e\000r\000i\000v\000a\000z\000i\000o\000n\000e\000\040\000d\000e\000l\000\040\000P\000r\000i\000n\000c\000i\000p\000i\000o\000\040\000d\000i\000\040\000I\000n\000d\000e\000t\000e\000r\000m\000i\000n\000a\000z\000i\000o\000n\000e}{section.5}% 33
\BOOKMARK [2][-]{subsection.5.4}{\376\377\000I\000l\000\040\000S\000i\000g\000n\000i\000f\000i\000c\000a\000t\000o\000\040\000F\000i\000s\000i\000c\000o\000\040\000P\000r\000o\000f\000o\000n\000d\000o}{section.5}% 34
\BOOKMARK [2][-]{subsection.5.5}{\376\377\000E\000s\000e\000m\000p\000i\000\040\000N\000u\000m\000e\000r\000i\000c\000i}{section.5}% 35
\BOOKMARK [2][-]{subsection.5.6}{\376\377\000I\000l\000\040\000C\000o\000l\000l\000e\000g\000a\000m\000e\000n\000t\000o\000\040\000C\000o\000m\000p\000l\000e\000t\000o\000\040\000c\000o\000n\000\040\000i\000\040\000B\000a\000t\000t\000i\000m\000e\000n\000t\000i}{section.5}% 36
\BOOKMARK [2][-]{subsection.5.7}{\376\377\000A\000l\000t\000r\000e\000\040\000F\000o\000r\000m\000e\000\040\000d\000e\000l\000\040\000P\000r\000i\000n\000c\000i\000p\000i\000o\000\040\000d\000i\000\040\000I\000n\000d\000e\000t\000e\000r\000m\000i\000n\000a\000z\000i\000o\000n\000e}{section.5}% 37
\BOOKMARK [1][-]{section.6}{\376\377\000G\000u\000i\000d\000a\000\040\000C\000o\000m\000p\000l\000e\000t\000a\000\040\000a\000l\000l\000'\000U\000s\000o\000\040\000d\000e\000l\000l\000'\000A\000p\000p\000l\000i\000c\000a\000z\000i\000o\000n\000e}{}% 38
\BOOKMARK [2][-]{subsection.6.1}{\376\377\000S\000t\000r\000u\000t\000t\000u\000r\000a\000\040\000d\000e\000l\000l\000'\000A\000p\000p}{section.6}% 39
\BOOKMARK [2][-]{subsection.6.2}{\376\377\000P\000r\000e\000s\000e\000n\000t\000a\000z\000i\000o\000n\000e\000\040\000C\000o\000n\000s\000i\000g\000l\000i\000a\000t\000a\000:\000\040\000S\000c\000a\000l\000e\000t\000t\000a\000\040\000C\000o\000m\000p\000l\000e\000t\000a\000\040\000\050\000\040\0003\0000\000-\0003\0005\000\040\000m\000i\000n\000u\000t\000i\000\051}{section.6}% 40
\BOOKMARK [3][-]{subsubsection.6.2.1}{\376\377\000F\000a\000s\000e\000\040\0000\000:\000\040\000A\000p\000e\000r\000t\000u\000r\000a\000\040\000c\000o\000n\000\040\000D\000e\000m\000o\000\040\000D\000i\000a\000p\000a\000s\000o\000n\000\040\000\050\0004\000\040\000m\000i\000n\000u\000t\000i\000\051}{subsection.6.2}% 41
\BOOKMARK [3][-]{subsubsection.6.2.2}{\376\377\000F\000a\000s\000e\000\040\0001\000:\000\040\000B\000a\000t\000t\000i\000m\000e\000n\000t\000i\000\040\000n\000e\000l\000l\000'\000A\000p\000p\000\040\000\050\0007\000-\0008\000\040\000m\000i\000n\000u\000t\000i\000\051}{subsection.6.2}% 42
\BOOKMARK [3][-]{subsubsection.6.2.3}{\376\377\000F\000a\000s\000e\000\040\0002\000:\000\040\000P\000a\000c\000c\000h\000e\000t\000t\000i\000\040\000d\000'\000O\000n\000d\000a\000\040\000\050\0007\000-\0008\000\040\000m\000i\000n\000u\000t\000i\000\051}{subsection.6.2}% 43
\BOOKMARK [3][-]{subsubsection.6.2.4}{\376\377\000F\000a\000s\000e\000\040\0003\000:\000\040\000I\000l\000\040\000P\000r\000i\000n\000c\000i\000p\000i\000o\000\040\000d\000i\000\040\000I\000n\000d\000e\000t\000e\000r\000m\000i\000n\000a\000z\000i\000o\000n\000e\000\040\000\050\0008\000-\0001\0000\000\040\000m\000i\000n\000u\000t\000i\000\051}{subsection.6.2}% 44
\BOOKMARK [3][-]{subsubsection.6.2.5}{\376\377\000F\000a\000s\000e\000\040\0004\000:\000\040\000C\000o\000n\000c\000l\000u\000s\000i\000o\000n\000i\000\040\000\050\0004\000-\0005\000\040\000m\000i\000n\000u\000t\000i\000\051}{subsection.6.2}% 45
\BOOKMARK [2][-]{subsection.6.3}{\376\377\000D\000o\000m\000a\000n\000d\000e\000\040\000p\000e\000r\000\040\000C\000o\000i\000n\000v\000o\000l\000g\000e\000r\000e\000\040\000i\000l\000\040\000P\000u\000b\000b\000l\000i\000c\000o}{section.6}% 46
\BOOKMARK [2][-]{subsection.6.4}{\376\377\000E\000r\000r\000o\000r\000i\000\040\000C\000o\000m\000u\000n\000i\000\040\000d\000a\000\040\000E\000v\000i\000t\000a\000r\000e}{section.6}% 47
\BOOKMARK [1][-]{section.7}{\376\377\000S\000c\000h\000e\000m\000a\000\040\000R\000i\000a\000s\000s\000u\000n\000t\000i\000v\000o\000\040\000F\000i\000n\000a\000l\000e}{}% 48
\BOOKMARK [2][-]{subsection.7.1}{\376\377\000M\000a\000p\000p\000a\000\040\000C\000o\000n\000c\000e\000t\000t\000u\000a\000l\000e}{section.7}% 49
\BOOKMARK [2][-]{subsection.7.2}{\376\377\000F\000o\000r\000m\000u\000l\000e\000\040\000C\000h\000i\000a\000v\000e}{section.7}% 50
\BOOKMARK [2][-]{subsection.7.3}{\376\377\000S\000c\000h\000e\000m\000a\000\040\000a\000\040\000P\000u\000n\000t\000i\000\040\000p\000e\000r\000\040\000l\000'\000E\000s\000p\000o\000s\000i\000z\000i\000o\000n\000e}{section.7}% 51
\BOOKMARK [2][-]{subsection.7.4}{\376\377\000T\000a\000k\000e\000-\000H\000o\000m\000e\000\040\000M\000e\000s\000s\000a\000g\000e}{section.7}% 52
\BOOKMARK [1][-]{section.8}{\376\377\000A\000p\000p\000e\000n\000d\000i\000c\000e\000:\000\040\000C\000o\000n\000t\000e\000s\000t\000o\000\040\000S\000t\000o\000r\000i\000c\000o}{}% 53
\BOOKMARK [2][-]{subsection.8.1}{\376\377\000C\000r\000o\000n\000o\000l\000o\000g\000i\000a}{section.8}% 54
\BOOKMARK [1][-]{section.9}{\376\377\000G\000u\000i\000d\000a\000\040\000p\000e\000r\000\040\000g\000l\000i\000\040\000S\000t\000u\000d\000e\000n\000t\000i\000:\000\040\000U\000s\000a\000\040\000l\000'\000A\000p\000p\000\040\000a\000\040\000C\000a\000s\000a\000!}{}% 55
\BOOKMARK [2][-]{subsection.9.1}{\376\377\000C\000o\000m\000e\000\040\000A\000c\000c\000e\000d\000e\000r\000e\000\040\000a\000l\000l\000'\000A\000p\000p}{section.9}% 56
\BOOKMARK [2][-]{subsection.9.2}{\376\377\000N\000a\000v\000i\000g\000a\000z\000i\000o\000n\000e\000\040\000d\000e\000l\000l\000'\000A\000p\000p}{section.9}% 57
\BOOKMARK [2][-]{subsection.9.3}{\376\377\000E\000s\000p\000e\000r\000i\000m\000e\000n\000t\000i\000\040\000d\000a\000\040\000F\000a\000r\000e\000\040\000a\000\040\000C\000a\000s\000a}{section.9}% 58
\BOOKMARK [3][-]{subsubsection.9.3.1}{\376\377\000E\000s\000p\000e\000r\000i\000m\000e\000n\000t\000o\000\040\0001\000:\000\040\000C\000r\000e\000a\000\040\000i\000\040\000T\000u\000o\000i\000\040\000B\000a\000t\000t\000i\000m\000e\000n\000t\000i}{subsection.9.3}% 59
\BOOKMARK [3][-]{subsubsection.9.3.2}{\376\377\000E\000s\000p\000e\000r\000i\000m\000e\000n\000t\000o\000\040\0002\000:\000\040\000C\000o\000s\000t\000r\000u\000i\000s\000c\000i\000\040\000u\000n\000\040\000P\000a\000c\000c\000h\000e\000t\000t\000o\000\040\000d\000'\000O\000n\000d\000a}{subsection.9.3}% 60
\BOOKMARK [3][-]{subsubsection.9.3.3}{\376\377\000E\000s\000p\000e\000r\000i\000m\000e\000n\000t\000o\000\040\0003\000:\000\040\000V\000e\000r\000i\000f\000i\000c\000a\000\040\000i\000l\000\040\000P\000r\000i\000n\000c\000i\000p\000i\000o\000\040\000d\000i\000\040\000I\000n\000d\000e\000t\000e\000r\000m\000i\000n\000a\000z\000i\000o\000n\000e}{subsection.9.3}% 61
\BOOKMARK [3][-]{subsubsection.9.3.4}{\376\377\000E\000s\000p\000e\000r\000i\000m\000e\000n\000t\000o\000\040\0004\000:\000\040\000A\000n\000a\000l\000i\000z\000z\000a\000\040\000l\000a\000\040\000T\000u\000a\000\040\000V\000o\000c\000e}{subsection.9.3}% 62
\BOOKMARK [3][-]{subsubsection.9.3.5}{\376\377\000E\000s\000p\000e\000r\000i\000m\000e\000n\000t\000o\000\040\0005\000:\000\040\000C\000o\000n\000f\000r\000o\000n\000t\000a\000\040\000P\000r\000e\000s\000e\000t\000\040\000E\000s\000t\000r\000e\000m\000i}{subsection.9.3}% 63
\BOOKMARK [2][-]{subsection.9.4}{\376\377\000S\000u\000g\000g\000e\000r\000i\000m\000e\000n\000t\000i\000\040\000T\000e\000c\000n\000i\000c\000i}{section.9}% 64
\BOOKMARK [2][-]{subsection.9.5}{\376\377\000S\000f\000i\000d\000e\000\040\000p\000e\000r\000\040\000i\000\040\000P\000i\000\371\000\040\000C\000u\000r\000i\000o\000s\000i}{section.9}% 65
\BOOKMARK [2][-]{subsection.9.6}{\376\377\000G\000l\000o\000s\000s\000a\000r\000i\000o\000\040\000p\000e\000r\000\040\000l\000o\000\040\000S\000t\000u\000d\000e\000n\000t\000e}{section.9}% 66
\BOOKMARK [2][-]{subsection.9.7}{\376\377\000P\000e\000r\000\040\000S\000a\000p\000e\000r\000n\000e\000\040\000d\000i\000\040\000P\000i\000\371}{section.9}% 67
